<?xml version="1.0" encoding="UTF-8"?>
<!-- Generated by org.testng.reporters.JUnitReportReporter -->
<testsuite hostname="hp" name="TESTNGTopics.dependenciesOnGroups" tests="3" failures="0" timestamp="18 Aug 2020 07:38:41 GMT" time="0.040" errors="0">
  <testcase name="test3" time="0.000" classname="TESTNGTopics.dependenciesOnGroups"/>
  <testcase name="test1" time="0.000" classname="TESTNGTopics.dependenciesOnGroups"/>
  <testcase name="test2" time="0.040" classname="TESTNGTopics.dependenciesOnGroups"/>
</testsuite> <!-- TESTNGTopics.dependenciesOnGroups -->
