<?xml version="1.0" encoding="UTF-8"?>
<!-- Generated by org.testng.reporters.JUnitReportReporter -->
<testsuite hostname="hp" name="TESTNGTopics.IgnoreDemo" tests="1" failures="0" timestamp="18 Aug 2020 08:03:10 GMT" time="0.049" errors="0">
  <testcase name="test2" time="0.049" classname="TESTNGTopics.IgnoreDemo"/>
</testsuite> <!-- TESTNGTopics.IgnoreDemo -->
