<?xml version="1.0" encoding="UTF-8"?>
<!-- Generated by org.testng.reporters.JUnitReportReporter -->
<testsuite hostname="hp" name="TESTNGTopics.TestNGParametersDemo" tests="4" failures="0" timestamp="18 Aug 2020 07:41:05 GMT" time="0.040" errors="0">
  <testcase name="test4" time="0.000" classname="TESTNGTopics.TestNGParametersDemo"/>
  <testcase name="test2" time="0.008" classname="TESTNGTopics.TestNGParametersDemo"/>
  <testcase name="test3" time="0.032" classname="TESTNGTopics.TestNGParametersDemo"/>
  <testcase name="test1" time="0.000" classname="TESTNGTopics.TestNGParametersDemo"/>
</testsuite> <!-- TESTNGTopics.TestNGParametersDemo -->
