<?xml version="1.0" encoding="UTF-8"?>
<!-- Generated by org.testng.reporters.JUnitReportReporter -->
<testsuite hostname="hp" name="TestNG_1" tests="1" failures="0" timestamp="14 Aug 2020 18:34:21 GMT" time="6.103" errors="0">
  <testcase name="googleSearch" time="6.103" classname="TestNG_1"/>
</testsuite> <!-- TestNG_1 -->
