<?xml version="1.0" encoding="UTF-8"?>
<!-- Generated by org.testng.reporters.JUnitReportReporter -->
<testsuite hostname="hp" name="TestNG_2" tests="1" failures="0" timestamp="14 Aug 2020 18:34:21 GMT" time="6.556" errors="0">
  <testcase name="googleSearch2" time="6.556" classname="TestNG_2"/>
</testsuite> <!-- TestNG_2 -->
