<?xml version="1.0" encoding="UTF-8"?>
<!-- Generated by org.testng.reporters.JUnitReportReporter -->
<testsuite hostname="hp" name="TESTNGTopics.GroupsDemo" tests="5" failures="0" timestamp="18 Aug 2020 07:42:18 GMT" time="0.056" errors="0">
  <testcase name="test3" time="0.008" classname="TESTNGTopics.GroupsDemo"/>
  <testcase name="test2" time="0.040" classname="TESTNGTopics.GroupsDemo"/>
  <testcase name="test5" time="0.000" classname="TESTNGTopics.GroupsDemo"/>
  <testcase name="test4" time="0.008" classname="TESTNGTopics.GroupsDemo"/>
  <testcase name="test6" time="0.000" classname="TESTNGTopics.GroupsDemo"/>
</testsuite> <!-- TESTNGTopics.GroupsDemo -->
