<?xml version="1.0" encoding="UTF-8"?>
<!-- Generated by org.testng.reporters.JUnitReportReporter -->
<testsuite hostname="hp" name="PrioritiesTestNG" tests="3" failures="0" timestamp="17 Aug 2020 19:46:49 GMT" time="0.064" errors="0">
  <testcase name="test1" time="0.001" classname="PrioritiesTestNG"/>
  <testcase name="test3" time="0.061" classname="PrioritiesTestNG"/>
  <testcase name="test2" time="0.002" classname="PrioritiesTestNG"/>
</testsuite> <!-- PrioritiesTestNG -->
