<?xml version="1.0" encoding="UTF-8"?>
<!-- Generated by org.testng.reporters.JUnitReportReporter -->
<testsuite hostname="hp" name="Utils.ExcelDataProvider" tests="3" failures="0" timestamp="14 Aug 2020 17:48:33 GMT" time="12.668" errors="0">
  <testcase name="test1" time="5.186" classname="Utils.ExcelDataProvider"/>
  <testcase name="test1" time="3.562" classname="Utils.ExcelDataProvider"/>
  <testcase name="test1" time="3.920" classname="Utils.ExcelDataProvider"/>
</testsuite> <!-- Utils.ExcelDataProvider -->
